\BOOKMARK [1][-]{section*.1}{\376\377\000A\000b\000s\000t\000r\000a\000c\000t}{}% 1
\BOOKMARK [1][-]{section.1}{\376\377\0001\000\040\000I\000n\000t\000r\000o\000d\000u\000c\000t\000i\000o\000n}{}% 2
\BOOKMARK [1][-]{section.2}{\376\377\0002\000\040\000B\000A\000C\000K\000G\000R\000O\000U\000N\000D}{}% 3
\BOOKMARK [2][-]{subsection.2.1}{\376\377\0002\000.\0001\000\040\000S\000p\000a\000t\000i\000a\000l\000\040\000C\000r\000o\000w\000d\000s\000o\000u\000r\000c\000i\000n\000g}{section.2}% 4
\BOOKMARK [2][-]{subsection.2.2}{\376\377\0002\000.\0002\000\040\000D\000i\000f\000f\000e\000r\000e\000n\000t\000i\000a\000l\000\040\000P\000r\000i\000v\000a\000c\000y}{section.2}% 5
\BOOKMARK [1][-]{section.3}{\376\377\0003\000\040\000F\000R\000A\000M\000E\000W\000O\000R\000K}{}% 6
\BOOKMARK [2][-]{subsection.3.1}{\376\377\0003\000.\0001\000\040\000S\000y\000s\000t\000e\000m\000\040\000M\000o\000d\000e\000l}{section.3}% 7
\BOOKMARK [2][-]{subsection.3.2}{\376\377\0003\000.\0002\000\040\000D\000i\000f\000f\000e\000r\000e\000n\000t\000i\000a\000l\000\040\000O\000b\000f\000u\000s\000c\000a\000t\000i\000o\000n\000\040\000M\000o\000d\000e\000l}{section.3}% 8
\BOOKMARK [2][-]{subsection.3.3}{\376\377\0003\000.\0003\000\040\000O\000p\000t\000i\000m\000i\000z\000a\000t\000i\000o\000n\000\040\000G\000o\000a\000l\000\040\000a\000n\000d\000\040\000P\000e\000r\000f\000o\000r\000m\000a\000n\000c\000e\000\040\000A\000n\000a\000l\000y\000s\000i\000s}{section.3}% 9
\BOOKMARK [1][-]{section.4}{\376\377\0004\000\040\000A\000N\000A\000L\000Y\000S\000I\000S\000\040\000O\000N\000\040\000T\000A\000S\000K\000\040\000A\000C\000C\000E\000P\000T\000A\000N\000C\000E\000\040\000R\000A\000T\000E\000\040\000I\000N\000\040\000C\000R\000O\000W\000D\000S\000O\000U\000R\000C\000I\000N\000G}{}% 10
\BOOKMARK [2][-]{subsection.4.1}{\376\377\0004\000.\0001\000\040\000I\000m\000p\000r\000o\000v\000e\000m\000e\000n\000t\000\040\000o\000f\000\040\000t\000h\000e\000\040\000T\000a\000s\000k\000\040\000A\000c\000c\000e\000p\000t\000a\000n\000c\000e\000\040\000R\000a\000t\000e\000\040\000M\000o\000d\000e\000l}{section.4}% 11
\BOOKMARK [2][-]{subsection.4.2}{\376\377\0004\000.\0002\000\040\000O\000p\000t\000i\000m\000i\000z\000a\000t\000i\000o\000n\000\040\000o\000f\000\040\000T\000a\000s\000k\000\040\000A\000c\000c\000e\000p\000t\000a\000n\000c\000e\000\040\000R\000a\000t\000e}{section.4}% 12
\BOOKMARK [1][-]{section.5}{\376\377\0005\000\040\000O\000V\000E\000R\000H\000E\000A\000D\000\040\000A\000N\000A\000L\000Y\000S\000I\000S}{}% 13
\BOOKMARK [2][-]{subsection.5.1}{\376\377\0005\000.\0001\000\040\000B\000a\000n\000d\000w\000i\000d\000t\000h\000\040\000O\000v\000e\000r\000h\000e\000a\000d}{section.5}% 14
\BOOKMARK [2][-]{subsection.5.2}{\376\377\0005\000.\0002\000\040\000R\000u\000n\000t\000i\000m\000e\000\040\000O\000v\000e\000r\000h\000e\000a\000d}{section.5}% 15
\BOOKMARK [1][-]{section.6}{\376\377\0006\000\040\000T\000R\000A\000D\000E\000-\000O\000F\000F\000\040\000B\000E\000T\000W\000E\000E\000N\000\040\000P\000R\000I\000V\000A\000C\000Y\000\040\000A\000N\000D\000\040\000O\000V\000E\000R\000H\000E\000A\000D}{}% 16
\BOOKMARK [2][-]{subsection.6.1}{\376\377\0006\000.\0001\000\040\000P\000r\000o\000b\000l\000e\000m\000\040\000A\000n\000a\000l\000y\000s\000i\000s}{section.6}% 17
\BOOKMARK [2][-]{subsection.6.2}{\376\377\0006\000.\0002\000\040\000T\000r\000a\000d\000e\000-\000o\000f\000f\000\040\000E\000x\000p\000r\000e\000s\000s\000i\000o\000n}{section.6}% 18
\BOOKMARK [1][-]{section.7}{\376\377\0007\000\040\000E\000X\000P\000E\000R\000I\000M\000E\000N\000T}{}% 19
\BOOKMARK [2][-]{subsection.7.1}{\376\377\0007\000.\0001\000\040\000O\000p\000t\000i\000m\000i\000z\000a\000t\000i\000o\000n\000\040\000R\000e\000s\000u\000l\000t\000s\000\040\000o\000f\000\040\000T\000a\000s\000k\000\040\000A\000c\000c\000e\000p\000t\000a\000n\000c\000e\000\040\000R\000a\000t\000e}{section.7}% 20
\BOOKMARK [2][-]{subsection.7.2}{\376\377\0007\000.\0002\000\040\000O\000v\000e\000r\000h\000e\000a\000d\000\040\000C\000o\000m\000p\000a\000r\000i\000s\000o\000n}{section.7}% 21
\BOOKMARK [2][-]{subsection.7.3}{\376\377\0007\000.\0003\000\040\000C\000u\000r\000v\000e\000\040\000F\000i\000t\000t\000i\000n\000g\000\040\000a\000n\000d\000\040\000T\000r\000a\000d\000e\000o\000f\000f}{section.7}% 22
\BOOKMARK [1][-]{section.8}{\376\377\0008\000\040\000C\000O\000N\000C\000L\000U\000S\000I\000O\000N}{}% 23
